<?xml version="1.0" encoding="UTF-8"?>
<!-- Generated by org.testng.reporters.JUnitReportReporter -->
<testsuite hostname="vamshi" failures="0" tests="1" name="AVPortal.AVLogin" time="7.090" errors="0" timestamp="2025-10-30T00:05:59 IST" skipped="0">
  <testcase classname="AVPortal.AVLogin" name="testLogin" time="7.090"/>
</testsuite> <!-- AVPortal.AVLogin -->
