<?xml version="1.0" encoding="UTF-8"?>
<!-- Generated by org.testng.reporters.JUnitReportReporter -->
<testsuite hostname="vamshi" failures="0" tests="1" name="AVPortal.AVLogin" time="4.309" errors="0" timestamp="2025-10-28T01:05:46 IST" skipped="0">
  <testcase classname="AVPortal.AVLogin" name="testLogin" time="4.309"/>
</testsuite> <!-- AVPortal.AVLogin -->
